[INFO] Info message
[WARNING] Warning message
[ERROR] Error message
[DEBUG] Error message
[VERBOSE] Error message
[ERROR] User attempted to Login but was not Successful 6/30/2024, 3:36:45 PM
[ERROR] User attempted to Login but was not Successful 6/30/2024, 3:37:38 PM
[INFO] jkjn Just Logined at 6/30/2024, 3:37:58 PM
[INFO] Info message
[WARNING] Warning message
[ERROR] Error message
[DEBUG] Error message
[VERBOSE] Error message
[INFO] jkjn Just Logined at 6/30/2024, 3:42:29 PM
[INFO] Info message
[WARNING] Warning message
[ERROR] Error message
[DEBUG] Error message
[VERBOSE] Error message
[INFO]  Displaying Info message
[WARNING] Displaying Warning message
[ERROR]   Displaying Error message
[DEBUG] Displaying Error message
[VERBOSE] Displaying Error message
[INFO] jkjn Just Logined at 6/30/2024, 3:59:26 PM
